<?xml version="1.0" encoding="UTF-8"?>
<testsuite xmlns:xsi="http://www.w3.org/2001/XMLSchema-instance" xsi:noNamespaceSchemaLocation="https://maven.apache.org/surefire/maven-surefire-plugin/xsd/surefire-test-report.xsd" name="stepDefs.TestRunner" time="37.889" tests="8" errors="0" skipped="0" failures="0">
  <properties>
    <property name="awt.toolkit" value="sun.awt.X11.XToolkit"/>
    <property name="file.encoding.pkg" value="sun.io"/>
    <property name="java.specification.version" value="1.8"/>
    <property name="sun.cpu.isalist" value=""/>
    <property name="sun.jnu.encoding" value="UTF-8"/>
    <property name="java.class.path" value="/home/behcs/eclipse-may2021-ws/Phase2_Project/target/test-classes:/home/behcs/eclipse-may2021-ws/Phase2_Project/target/classes:/home/behcs/.m2/repository/org/seleniumhq/selenium/selenium-java/3.141.59/selenium-java-3.141.59.jar:/home/behcs/.m2/repository/org/seleniumhq/selenium/selenium-api/3.141.59/selenium-api-3.141.59.jar:/home/behcs/.m2/repository/org/seleniumhq/selenium/selenium-chrome-driver/3.141.59/selenium-chrome-driver-3.141.59.jar:/home/behcs/.m2/repository/org/seleniumhq/selenium/selenium-edge-driver/3.141.59/selenium-edge-driver-3.141.59.jar:/home/behcs/.m2/repository/org/seleniumhq/selenium/selenium-firefox-driver/3.141.59/selenium-firefox-driver-3.141.59.jar:/home/behcs/.m2/repository/org/seleniumhq/selenium/selenium-ie-driver/3.141.59/selenium-ie-driver-3.141.59.jar:/home/behcs/.m2/repository/org/seleniumhq/selenium/selenium-opera-driver/3.141.59/selenium-opera-driver-3.141.59.jar:/home/behcs/.m2/repository/org/seleniumhq/selenium/selenium-remote-driver/3.141.59/selenium-remote-driver-3.141.59.jar:/home/behcs/.m2/repository/org/seleniumhq/selenium/selenium-safari-driver/3.141.59/selenium-safari-driver-3.141.59.jar:/home/behcs/.m2/repository/org/seleniumhq/selenium/selenium-support/3.141.59/selenium-support-3.141.59.jar:/home/behcs/.m2/repository/net/bytebuddy/byte-buddy/1.8.15/byte-buddy-1.8.15.jar:/home/behcs/.m2/repository/org/apache/commons/commons-exec/1.3/commons-exec-1.3.jar:/home/behcs/.m2/repository/com/google/guava/guava/25.0-jre/guava-25.0-jre.jar:/home/behcs/.m2/repository/com/google/code/findbugs/jsr305/1.3.9/jsr305-1.3.9.jar:/home/behcs/.m2/repository/org/checkerframework/checker-compat-qual/2.0.0/checker-compat-qual-2.0.0.jar:/home/behcs/.m2/repository/com/google/errorprone/error_prone_annotations/2.1.3/error_prone_annotations-2.1.3.jar:/home/behcs/.m2/repository/com/google/j2objc/j2objc-annotations/1.1/j2objc-annotations-1.1.jar:/home/behcs/.m2/repository/org/codehaus/mojo/animal-sniffer-annotations/1.14/animal-sniffer-annotations-1.14.jar:/home/behcs/.m2/repository/com/squareup/okhttp3/okhttp/3.11.0/okhttp-3.11.0.jar:/home/behcs/.m2/repository/com/squareup/okio/okio/1.14.0/okio-1.14.0.jar:/home/behcs/.m2/repository/tech/grasshopper/extentreports-cucumber6-adapter/2.8.2/extentreports-cucumber6-adapter-2.8.2.jar:/home/behcs/.m2/repository/tech/grasshopper/extent-pdf-report/1.7.2/extent-pdf-report-1.7.2.jar:/home/behcs/.m2/repository/tech/grasshopper/cucumber-pdf-report/2.2.3/cucumber-pdf-report-2.2.3.jar:/home/behcs/.m2/repository/org/apache/pdfbox/pdfbox/2.0.22/pdfbox-2.0.22.jar:/home/behcs/.m2/repository/org/apache/pdfbox/fontbox/2.0.22/fontbox-2.0.22.jar:/home/behcs/.m2/repository/org/knowm/xchart/xchart/3.8.0/xchart-3.8.0.jar:/home/behcs/.m2/repository/de/erichseifert/vectorgraphics2d/VectorGraphics2D/0.13/VectorGraphics2D-0.13.jar:/home/behcs/.m2/repository/de/rototor/pdfbox/graphics2d/0.30/graphics2d-0.30.jar:/home/behcs/.m2/repository/com/madgag/animated-gif-lib/1.4/animated-gif-lib-1.4.jar:/home/behcs/.m2/repository/org/yaml/snakeyaml/1.28/snakeyaml-1.28.jar:/home/behcs/.m2/repository/tech/grasshopper/table-layout/1.2.0/table-layout-1.2.0.jar:/home/behcs/.m2/repository/org/jsoup/jsoup/1.13.1/jsoup-1.13.1.jar:/home/behcs/.m2/repository/com/aventstack/klov-reporter/5.0.6/klov-reporter-5.0.6.jar:/home/behcs/.m2/repository/org/mongodb/bson/3.6.4/bson-3.6.4.jar:/home/behcs/.m2/repository/org/apache/httpcomponents/httpclient/4.5.2/httpclient-4.5.2.jar:/home/behcs/.m2/repository/org/apache/httpcomponents/httpcore/4.4.4/httpcore-4.4.4.jar:/home/behcs/.m2/repository/commons-logging/commons-logging/1.2/commons-logging-1.2.jar:/home/behcs/.m2/repository/commons-codec/commons-codec/1.9/commons-codec-1.9.jar:/home/behcs/.m2/repository/org/apache/httpcomponents/httpmime/4.5.2/httpmime-4.5.2.jar:/home/behcs/.m2/repository/org/mongodb/mongodb-driver/3.3.0/mongodb-driver-3.3.0.jar:/home/behcs/.m2/repository/org/mongodb/mongodb-driver-core/3.3.0/mongodb-driver-core-3.3.0.jar:/home/behcs/.m2/repository/com/aventstack/extentreports/5.0.4/extentreports-5.0.4.jar:/home/behcs/.m2/repository/io/reactivex/rxjava3/rxjava/3.0.4/rxjava-3.0.4.jar:/home/behcs/.m2/repository/org/reactivestreams/reactive-streams/1.0.3/reactive-streams-1.0.3.jar:/home/behcs/.m2/repository/org/freemarker/freemarker/2.3.30/freemarker-2.3.30.jar:/home/behcs/.m2/repository/org/projectlombok/lombok/1.18.12/lombok-1.18.12.jar:/home/behcs/.m2/repository/com/google/code/gson/gson/2.8.6/gson-2.8.6.jar:/home/behcs/.m2/repository/io/cucumber/cucumber-java/6.8.1/cucumber-java-6.8.1.jar:/home/behcs/.m2/repository/io/cucumber/cucumber-core/6.8.1/cucumber-core-6.8.1.jar:/home/behcs/.m2/repository/io/cucumber/cucumber-gherkin/6.8.1/cucumber-gherkin-6.8.1.jar:/home/behcs/.m2/repository/io/cucumber/cucumber-gherkin-messages/6.8.1/cucumber-gherkin-messages-6.8.1.jar:/home/behcs/.m2/repository/io/cucumber/tag-expressions/3.0.0/tag-expressions-3.0.0.jar:/home/behcs/.m2/repository/io/cucumber/cucumber-expressions/10.3.0/cucumber-expressions-10.3.0.jar:/home/behcs/.m2/repository/io/cucumber/datatable/3.5.0/datatable-3.5.0.jar:/home/behcs/.m2/repository/io/cucumber/cucumber-plugin/6.8.1/cucumber-plugin-6.8.1.jar:/home/behcs/.m2/repository/io/cucumber/docstring/6.8.1/docstring-6.8.1.jar:/home/behcs/.m2/repository/io/cucumber/html-formatter/9.0.0/html-formatter-9.0.0.jar:/home/behcs/.m2/repository/io/cucumber/create-meta/2.0.2/create-meta-2.0.2.jar:/home/behcs/.m2/repository/org/apiguardian/apiguardian-api/1.1.0/apiguardian-api-1.1.0.jar:/home/behcs/.m2/repository/io/cucumber/cucumber-picocontainer/6.8.1/cucumber-picocontainer-6.8.1.jar:/home/behcs/.m2/repository/org/picocontainer/picocontainer/2.15/picocontainer-2.15.jar:/home/behcs/.m2/repository/io/cucumber/cucumber-junit/6.8.1/cucumber-junit-6.8.1.jar:/home/behcs/.m2/repository/junit/junit/4.13/junit-4.13.jar:/home/behcs/.m2/repository/org/hamcrest/hamcrest-core/1.3/hamcrest-core-1.3.jar:/home/behcs/.m2/repository/io/cucumber/gherkin/15.0.2/gherkin-15.0.2.jar:/home/behcs/.m2/repository/io/cucumber/messages/13.2.1/messages-13.2.1.jar:"/>
    <property name="java.vm.vendor" value="Private Build"/>
    <property name="sun.arch.data.model" value="64"/>
    <property name="java.vendor.url" value="http://java.oracle.com/"/>
    <property name="user.timezone" value=""/>
    <property name="java.vm.specification.version" value="1.8"/>
    <property name="os.name" value="Linux"/>
    <property name="sun.java.launcher" value="SUN_STANDARD"/>
    <property name="sun.boot.library.path" value="/usr/lib/jvm/java-8-openjdk-amd64/jre/lib/amd64"/>
    <property name="sun.java.command" value="/home/behcs/eclipse-may2021-ws/Phase2_Project/target/surefire/surefirebooter6886004169727214336.jar /home/behcs/eclipse-may2021-ws/Phase2_Project/target/surefire 2021-07-28T21-09-05_130-jvmRun1 surefire9005946673089859012tmp surefire_05905731567457899405tmp"/>
    <property name="surefire.test.class.path" value="/home/behcs/eclipse-may2021-ws/Phase2_Project/target/test-classes:/home/behcs/eclipse-may2021-ws/Phase2_Project/target/classes:/home/behcs/.m2/repository/org/seleniumhq/selenium/selenium-java/3.141.59/selenium-java-3.141.59.jar:/home/behcs/.m2/repository/org/seleniumhq/selenium/selenium-api/3.141.59/selenium-api-3.141.59.jar:/home/behcs/.m2/repository/org/seleniumhq/selenium/selenium-chrome-driver/3.141.59/selenium-chrome-driver-3.141.59.jar:/home/behcs/.m2/repository/org/seleniumhq/selenium/selenium-edge-driver/3.141.59/selenium-edge-driver-3.141.59.jar:/home/behcs/.m2/repository/org/seleniumhq/selenium/selenium-firefox-driver/3.141.59/selenium-firefox-driver-3.141.59.jar:/home/behcs/.m2/repository/org/seleniumhq/selenium/selenium-ie-driver/3.141.59/selenium-ie-driver-3.141.59.jar:/home/behcs/.m2/repository/org/seleniumhq/selenium/selenium-opera-driver/3.141.59/selenium-opera-driver-3.141.59.jar:/home/behcs/.m2/repository/org/seleniumhq/selenium/selenium-remote-driver/3.141.59/selenium-remote-driver-3.141.59.jar:/home/behcs/.m2/repository/org/seleniumhq/selenium/selenium-safari-driver/3.141.59/selenium-safari-driver-3.141.59.jar:/home/behcs/.m2/repository/org/seleniumhq/selenium/selenium-support/3.141.59/selenium-support-3.141.59.jar:/home/behcs/.m2/repository/net/bytebuddy/byte-buddy/1.8.15/byte-buddy-1.8.15.jar:/home/behcs/.m2/repository/org/apache/commons/commons-exec/1.3/commons-exec-1.3.jar:/home/behcs/.m2/repository/com/google/guava/guava/25.0-jre/guava-25.0-jre.jar:/home/behcs/.m2/repository/com/google/code/findbugs/jsr305/1.3.9/jsr305-1.3.9.jar:/home/behcs/.m2/repository/org/checkerframework/checker-compat-qual/2.0.0/checker-compat-qual-2.0.0.jar:/home/behcs/.m2/repository/com/google/errorprone/error_prone_annotations/2.1.3/error_prone_annotations-2.1.3.jar:/home/behcs/.m2/repository/com/google/j2objc/j2objc-annotations/1.1/j2objc-annotations-1.1.jar:/home/behcs/.m2/repository/org/codehaus/mojo/animal-sniffer-annotations/1.14/animal-sniffer-annotations-1.14.jar:/home/behcs/.m2/repository/com/squareup/okhttp3/okhttp/3.11.0/okhttp-3.11.0.jar:/home/behcs/.m2/repository/com/squareup/okio/okio/1.14.0/okio-1.14.0.jar:/home/behcs/.m2/repository/tech/grasshopper/extentreports-cucumber6-adapter/2.8.2/extentreports-cucumber6-adapter-2.8.2.jar:/home/behcs/.m2/repository/tech/grasshopper/extent-pdf-report/1.7.2/extent-pdf-report-1.7.2.jar:/home/behcs/.m2/repository/tech/grasshopper/cucumber-pdf-report/2.2.3/cucumber-pdf-report-2.2.3.jar:/home/behcs/.m2/repository/org/apache/pdfbox/pdfbox/2.0.22/pdfbox-2.0.22.jar:/home/behcs/.m2/repository/org/apache/pdfbox/fontbox/2.0.22/fontbox-2.0.22.jar:/home/behcs/.m2/repository/org/knowm/xchart/xchart/3.8.0/xchart-3.8.0.jar:/home/behcs/.m2/repository/de/erichseifert/vectorgraphics2d/VectorGraphics2D/0.13/VectorGraphics2D-0.13.jar:/home/behcs/.m2/repository/de/rototor/pdfbox/graphics2d/0.30/graphics2d-0.30.jar:/home/behcs/.m2/repository/com/madgag/animated-gif-lib/1.4/animated-gif-lib-1.4.jar:/home/behcs/.m2/repository/org/yaml/snakeyaml/1.28/snakeyaml-1.28.jar:/home/behcs/.m2/repository/tech/grasshopper/table-layout/1.2.0/table-layout-1.2.0.jar:/home/behcs/.m2/repository/org/jsoup/jsoup/1.13.1/jsoup-1.13.1.jar:/home/behcs/.m2/repository/com/aventstack/klov-reporter/5.0.6/klov-reporter-5.0.6.jar:/home/behcs/.m2/repository/org/mongodb/bson/3.6.4/bson-3.6.4.jar:/home/behcs/.m2/repository/org/apache/httpcomponents/httpclient/4.5.2/httpclient-4.5.2.jar:/home/behcs/.m2/repository/org/apache/httpcomponents/httpcore/4.4.4/httpcore-4.4.4.jar:/home/behcs/.m2/repository/commons-logging/commons-logging/1.2/commons-logging-1.2.jar:/home/behcs/.m2/repository/commons-codec/commons-codec/1.9/commons-codec-1.9.jar:/home/behcs/.m2/repository/org/apache/httpcomponents/httpmime/4.5.2/httpmime-4.5.2.jar:/home/behcs/.m2/repository/org/mongodb/mongodb-driver/3.3.0/mongodb-driver-3.3.0.jar:/home/behcs/.m2/repository/org/mongodb/mongodb-driver-core/3.3.0/mongodb-driver-core-3.3.0.jar:/home/behcs/.m2/repository/com/aventstack/extentreports/5.0.4/extentreports-5.0.4.jar:/home/behcs/.m2/repository/io/reactivex/rxjava3/rxjava/3.0.4/rxjava-3.0.4.jar:/home/behcs/.m2/repository/org/reactivestreams/reactive-streams/1.0.3/reactive-streams-1.0.3.jar:/home/behcs/.m2/repository/org/freemarker/freemarker/2.3.30/freemarker-2.3.30.jar:/home/behcs/.m2/repository/org/projectlombok/lombok/1.18.12/lombok-1.18.12.jar:/home/behcs/.m2/repository/com/google/code/gson/gson/2.8.6/gson-2.8.6.jar:/home/behcs/.m2/repository/io/cucumber/cucumber-java/6.8.1/cucumber-java-6.8.1.jar:/home/behcs/.m2/repository/io/cucumber/cucumber-core/6.8.1/cucumber-core-6.8.1.jar:/home/behcs/.m2/repository/io/cucumber/cucumber-gherkin/6.8.1/cucumber-gherkin-6.8.1.jar:/home/behcs/.m2/repository/io/cucumber/cucumber-gherkin-messages/6.8.1/cucumber-gherkin-messages-6.8.1.jar:/home/behcs/.m2/repository/io/cucumber/tag-expressions/3.0.0/tag-expressions-3.0.0.jar:/home/behcs/.m2/repository/io/cucumber/cucumber-expressions/10.3.0/cucumber-expressions-10.3.0.jar:/home/behcs/.m2/repository/io/cucumber/datatable/3.5.0/datatable-3.5.0.jar:/home/behcs/.m2/repository/io/cucumber/cucumber-plugin/6.8.1/cucumber-plugin-6.8.1.jar:/home/behcs/.m2/repository/io/cucumber/docstring/6.8.1/docstring-6.8.1.jar:/home/behcs/.m2/repository/io/cucumber/html-formatter/9.0.0/html-formatter-9.0.0.jar:/home/behcs/.m2/repository/io/cucumber/create-meta/2.0.2/create-meta-2.0.2.jar:/home/behcs/.m2/repository/org/apiguardian/apiguardian-api/1.1.0/apiguardian-api-1.1.0.jar:/home/behcs/.m2/repository/io/cucumber/cucumber-picocontainer/6.8.1/cucumber-picocontainer-6.8.1.jar:/home/behcs/.m2/repository/org/picocontainer/picocontainer/2.15/picocontainer-2.15.jar:/home/behcs/.m2/repository/io/cucumber/cucumber-junit/6.8.1/cucumber-junit-6.8.1.jar:/home/behcs/.m2/repository/junit/junit/4.13/junit-4.13.jar:/home/behcs/.m2/repository/org/hamcrest/hamcrest-core/1.3/hamcrest-core-1.3.jar:/home/behcs/.m2/repository/io/cucumber/gherkin/15.0.2/gherkin-15.0.2.jar:/home/behcs/.m2/repository/io/cucumber/messages/13.2.1/messages-13.2.1.jar:"/>
    <property name="sun.cpu.endian" value="little"/>
    <property name="user.home" value="/home/behcs"/>
    <property name="user.language" value="en"/>
    <property name="java.specification.vendor" value="Oracle Corporation"/>
    <property name="java.home" value="/usr/lib/jvm/java-8-openjdk-amd64/jre"/>
    <property name="basedir" value="/home/behcs/eclipse-may2021-ws/Phase2_Project"/>
    <property name="file.separator" value="/"/>
    <property name="line.separator" value="&#10;"/>
    <property name="java.vm.specification.vendor" value="Oracle Corporation"/>
    <property name="java.specification.name" value="Java Platform API Specification"/>
    <property name="java.awt.graphicsenv" value="sun.awt.X11GraphicsEnvironment"/>
    <property name="surefire.real.class.path" value="/home/behcs/eclipse-may2021-ws/Phase2_Project/target/surefire/surefirebooter6886004169727214336.jar"/>
    <property name="sun.boot.class.path" value="/usr/lib/jvm/java-8-openjdk-amd64/jre/lib/resources.jar:/usr/lib/jvm/java-8-openjdk-amd64/jre/lib/rt.jar:/usr/lib/jvm/java-8-openjdk-amd64/jre/lib/sunrsasign.jar:/usr/lib/jvm/java-8-openjdk-amd64/jre/lib/jsse.jar:/usr/lib/jvm/java-8-openjdk-amd64/jre/lib/jce.jar:/usr/lib/jvm/java-8-openjdk-amd64/jre/lib/charsets.jar:/usr/lib/jvm/java-8-openjdk-amd64/jre/lib/jfr.jar:/usr/lib/jvm/java-8-openjdk-amd64/jre/classes"/>
    <property name="sun.management.compiler" value="HotSpot 64-Bit Tiered Compilers"/>
    <property name="java.runtime.version" value="1.8.0_292-8u292-b10-0ubuntu1~20.04-b10"/>
    <property name="user.name" value="behcs"/>
    <property name="path.separator" value=":"/>
    <property name="os.version" value="5.8.0-63-generic"/>
    <property name="java.endorsed.dirs" value="/usr/lib/jvm/java-8-openjdk-amd64/jre/lib/endorsed"/>
    <property name="java.runtime.name" value="OpenJDK Runtime Environment"/>
    <property name="file.encoding" value="UTF-8"/>
    <property name="java.vm.name" value="OpenJDK 64-Bit Server VM"/>
    <property name="localRepository" value="/home/behcs/.m2/repository"/>
    <property name="java.vendor.url.bug" value="http://bugreport.sun.com/bugreport/"/>
    <property name="java.io.tmpdir" value="/tmp"/>
    <property name="java.version" value="1.8.0_292"/>
    <property name="user.dir" value="/home/behcs/eclipse-may2021-ws/Phase2_Project"/>
    <property name="os.arch" value="amd64"/>
    <property name="java.vm.specification.name" value="Java Virtual Machine Specification"/>
    <property name="java.awt.printerjob" value="sun.print.PSPrinterJob"/>
    <property name="sun.os.patch.level" value="unknown"/>
    <property name="java.library.path" value="/usr/java/packages/lib/amd64:/usr/lib/x86_64-linux-gnu/jni:/lib/x86_64-linux-gnu:/usr/lib/x86_64-linux-gnu:/usr/lib/jni:/lib:/usr/lib"/>
    <property name="java.vm.info" value="mixed mode"/>
    <property name="java.vendor" value="Private Build"/>
    <property name="java.vm.version" value="25.292-b10"/>
    <property name="java.ext.dirs" value="/usr/lib/jvm/java-8-openjdk-amd64/jre/lib/ext:/usr/java/packages/lib/ext"/>
    <property name="sun.io.unicode.encoding" value="UnicodeLittle"/>
    <property name="java.class.version" value="52.0"/>
  </properties>
  <testcase name="Verify login functionality to SWAGLABS using correct username and password" classname="This feature will verify the login functionality of SWAGLABS" time="4.443"/>
  <testcase name="Verify login functionality to SWAGLABS using incorrect username and password #1" classname="This feature will verify the login functionality of SWAGLABS" time="3.495"/>
  <testcase name="Verify login functionality to SWAGLABS using incorrect username and password #2" classname="This feature will verify the login functionality of SWAGLABS" time="3.352"/>
  <testcase name="Verify logout function from product page" classname="This feature will verify the logout functionality of SWAGLABS" time="4.992"/>
  <testcase name="Verify logout function from cart page" classname="This feature will verify the logout functionality of SWAGLABS" time="5.018"/>
  <testcase name="Verify that user able to add single product to the cart #1" classname="This feature will verify the products add-to-cart functionality of SWABLABS application" time="5.279"/>
  <testcase name="Verify that user able to add single product to the cart #2" classname="This feature will verify the products add-to-cart functionality of SWABLABS application" time="5.302"/>
  <testcase name="Verify that user able to add multiple product to the cart" classname="This feature will verify the products add-to-cart functionality of SWABLABS application" time="5.138"/>
</testsuite>